Case #1: 4 20 16 15 3 9 19 2 7 5 17 8 14 12 1 11 18 13 6 10
Case #2: IMPOSSIBLE
Case #3: 3 1 5 4 2
Case #4: IMPOSSIBLE
Case #5: 1 2 3
Case #6: IMPOSSIBLE
Case #7: 15 12 9 2 4 16 3 5 7 1 6 8 17 10 19 20 14 11 18 13
Case #8: 16 17 18 19 7 8 9 10 11 12 13 14 15 1 2 3 4 5 6
Case #9: 6 7 1 9 3 2 4 8 10 5
Case #10: IMPOSSIBLE
Case #11: 8 18 17 15 9 12 19 11 4 5 20 2 10 14 7 16 6 1 3 13
Case #12: 17 3 4 9 12 10 15 6 16 19 2 8 14 1 5 11 7 20 13 18
Case #13: 1 6 2 4 7 9 11 5 10 8 3 13 15 14 12
Case #14: 1
Case #15: 1
Case #16: IMPOSSIBLE
Case #17: 1 2 4 5 6 9 3 7 8
Case #18: IMPOSSIBLE
Case #19: 2 1 4 3
Case #20: IMPOSSIBLE
Case #21: 2 1
Case #22: 20 19 18 1 17 16 15 14 13 3 2 12 11 10 9 8 7 6 5 4
Case #23: 1 3 2 5 4
Case #24: IMPOSSIBLE
Case #25: 6 7 19 1 20 18 4 3 5 8 11 9 12 13 17 10 14 15 16 2
