Case #1: IMPOSSIBLE
Case #2: IMPOSSIBLE
Case #3: 13 7 4 12 9 15 6 11 5 10 14 2 8 1 3
Case #4: 12 6 14 11 5 15 2 8 3 7 10 4 13 1 9
Case #5: 1 2 3 4 5
Case #6: 8 6 4 2 5 10 9 7 3 1
Case #7: 16 17 18 19 7 8 9 10 11 12 13 14 15 1 2 3 4 5 6
Case #8: IMPOSSIBLE
Case #9: 4 5 3 1 2
Case #10: 1 4 14 16 18 6 17 11 9 7 19 8 5 2 13 10 20 3 12 15
Case #11: 1 2 3
Case #12: IMPOSSIBLE
Case #13: 1
Case #14: 4 3 20 2 1 14 13 12 7 5 17 6 16 15 11 19 18 10 9 8
Case #15: IMPOSSIBLE
Case #16: 15 17 2 5 3 6 10 1 4 9 18 16 20 14 7 8 19 11 12 13
Case #17: 1
Case #18: IMPOSSIBLE
Case #19: 9 1 7 10 20 14 3 11 6 19 5 8 16 4 13 15 17 18 2 12
Case #20: 10 6 8 7 4 9 5 1 2 3
Case #21: IMPOSSIBLE
Case #22: 5 1 2 3 7 9 4 6 8
Case #23: 9 16 2 3 10 14 20 12 11 7 15 5 17 6 4 19 8 13 1 18
Case #24: 2 1 4 3
Case #25: 2 1
