Case #1: 1 5 4 9 10 16 20 6 12 2 14 3 17 7 11 18 13 15 8 19
Case #2: 4 10 7 3 5 8 2 9 1 6
Case #3: 4 3 2 5 1
Case #4: IMPOSSIBLE
Case #5: IMPOSSIBLE
Case #6: 12 8 16 11 6 18 4 20 1 19 14 5 3 10 15 13 17 2 7 9
Case #7: 1
Case #8: 20 12 11 9 10 16 8 7 6 1 5 4 3 2 19 18 17 15 13 14
Case #9: 2 1 4 3
Case #10: 1 2 3
Case #11: 10 9 3 18 14 5 13 17 15 6 16 20 19 7 1 8 2 11 4 12
Case #12: 3 1 2 4 5 6 7 8 9
Case #13: IMPOSSIBLE
Case #14: IMPOSSIBLE
Case #15: 20 3 5 6 7 11 1 13 16 18 9 14 19 10 17 4 12 2 8 15
Case #16: 1
Case #17: 7 4 8 1 3 9 2 5 6 10
Case #18: 16 17 18 19 7 8 9 10 11 12 13 14 15 1 2 3 4 5 6
Case #19: IMPOSSIBLE
Case #20: 13 6 14 9 16 4 11 12 15 10 3 20 1 17 8 2 5 18 19 7
Case #21: 3 7 6 13 15 14 4 11 1 10 2 8 5 9 12
Case #22: 13 1 15 4 6 2 7 14 5 8 3 9 10 11 12
Case #23: 2 1
Case #24: IMPOSSIBLE
Case #25: IMPOSSIBLE
